VERY MILD AORTIC REGURGITATION
VERY MILD AR
VERY MILD REGURGITATION
MINIMAL AORTIC REGURGITATION
MINIMUM AORTIC REGURGITATION
TRIVIAL AORTIC REGURGITATION
MILD AORTIC REGURGITATION
TRIVIAL-MILD AORTIC REGURGITATION
MODERATE AORTIC REGURGITATION
MILD-MODERATE AORTIC REGURGITATION
MILD TO MODERATE AORTIC REGURGITATION
MILD TO MODERATE REGURGITATION
MILD TO MODERATE AR
HEAVY AORTIC REGURGITATION
MARKED AORTIC REGURGITATION
PROMINENT AORTIC REGURGITATION
SEVERE AORTIC REGURGITATION
MODERATE-SEVERE AORTIC REGURGITATION
MODERATE TO SEVERE AORTIC REGURGITATION
MODERATE TO SEVERE REGURGITATION
MODERATE TO SEVERE AR
TRICUSPID VALVE
RIGHT VENTRICLE
RIGHT SIDED STRUCTURES
RV