MID TO APICAL
MID-APICAL
MID/APICAL
APICAL TO MID 
APICAL-MID 
APICAL/MID 
MID
APICAL AND MID 
BASAL
BASAL AND MID
BASAL TO MID
BASAL/MID 
APICAL
APICAL CAP
CAP
APEX
ANTEROSEPTAL
ANTERO-SEPTAL
ANTERO 
ANTERO-
INFERO
INFERO-
INFEROSEPTUM
INFEROSEPTAL
INFERO-SEPTAL
INFEROLATERAL
INFERO-LATERAL
ANTEROLATERAL
ANTERO-LATERAL
SEPTUM
SEPTAL
SEPTAL BOUNCE
INFERIOR
ANTERIOR
LATERAL
WALL
MOTION
ABNORMALITY
IMPAIRED
AKINETIC
AKINESIS
AKINESIA
DYSKINETIC
DYSKINESIA
DYSKINESIS
ANEURYSMAL
ANEURYSM
CONTRACT
CONTRACTS
GOOD CONTRACTILITY




