VERY MILD TRICUSPID REGURGITATION
VERY MILD TR
VERY MILD REGURGITATION
MINIMAL TRICUSPID REGURGITATION
MINIMUM TRICUSPID REGURGITATION
TRIVIAL TRICUSPID REGURGITATION
MILD TRICUSPID REGURGITATION
TRIVIAL-MILD TRICUSPID REGURGITATION
MODERATE TRICUSPID REGURGITATION
MILD-MODERATE TRICUSPID REGURGITATION
MILD TO MODERATE TRICUSPID REGURGITATION
MILD TO MODERATE REGURGITATION
MILD TO MODERATE TR
HEAVY TRICUSPID REGURGITATION
MARKED TRICUSPID REGURGITATION
PROMINENT TRICUSPID REGURGITATION
SEVERE TRICUSPID REGURGITATION
MODERATE-SEVERE TRICUSPID REGURGITATION
MODERATE TO SEVERE TRICUSPID REGURGITATION
MODERATE TO SEVERE REGURGITATION
MODERATE TO SEVERE TR
RIGHT VENTRICLE
RIGHT SIDED STRUCTURES
RV